# JRE version: OpenJDK Runtime Environment (11.0.15) (build 11.0.15+0-b2043.56-9505619)
# Java VM: OpenJDK 64-Bit Server VM (11.0.15+0-b2043.56-9505619, mixed mode, tiered, compressed oops, g1 gc, windows-amd64)
Heap:
 garbage-first heap   total 397312K, used 282366K [0x0000000080000000, 0x0000000100000000)
  region size 1024K, 197 young (201728K), 18 survivors (18432K)
 Metaspace       used 43244K, capacity 44372K, committed 44464K, reserved 1087488K
  class space    used 5446K, capacity 5862K, committed 5888K, reserved 1048576K
GC Heap History (20 events):
Event: 9.701 GC heap before
{Heap before GC invocations=25 (full 0):
 garbage-first heap   total 275456K, used 234713K [0x0000000080000000, 0x0000000100000000)
  region size 1024K, 149 young (152576K), 12 survivors (12288K)
 Metaspace       used 43169K, capacity 44308K, committed 44464K, reserved 1087488K
  class space    used 5436K, capacity 5862K, committed 5888K, reserved 1048576K
}
Event: 9.710 GC heap after
{Heap after GC invocations=26 (full 0):
 garbage-first heap   total 330752K, used 95277K [0x0000000080000000, 0x0000000100000000)
  region size 1024K, 11 young (11264K), 11 survivors (11264K)
 Metaspace       used 43169K, capacity 44308K, committed 44464K, reserved 1087488K
  class space    used 5436K, capacity 5862K, committed 5888K, reserved 1048576K
}
Event: 9.991 GC heap before
{Heap before GC invocations=26 (full 0):
 garbage-first heap   total 330752K, used 268333K [0x0000000080000000, 0x0000000100000000)
  region size 1024K, 180 young (184320K), 11 survivors (11264K)
 Metaspace       used 43169K, capacity 44308K, committed 44464K, reserved 1087488K
  class space    used 5436K, capacity 5862K, committed 5888K, reserved 1048576K
}
Event: 9.997 GC heap after
{Heap after GC invocations=27 (full 0):
 garbage-first heap   total 330752K, used 96561K [0x0000000080000000, 0x0000000100000000)
  region size 1024K, 13 young (13312K), 13 survivors (13312K)
 Metaspace       used 43169K, capacity 44308K, committed 44464K, reserved 1087488K
  class space    used 5436K, capacity 5862K, committed 5888K, reserved 1048576K
}
Event: 10.180 GC heap before
{Heap before GC invocations=27 (full 0):
 garbage-first heap   total 330752K, used 274737K [0x0000000080000000, 0x0000000100000000)
  region size 1024K, 187 young (191488K), 13 survivors (13312K)
 Metaspace       used 43169K, capacity 44308K, committed 44464K, reserved 1087488K
  class space    used 5436K, capacity 5862K, committed 5888K, reserved 1048576K
}
Event: 10.187 GC heap after
{Heap after GC invocations=28 (full 0):
 garbage-first heap   total 330752K, used 98349K [0x0000000080000000, 0x0000000100000000)
  region size 1024K, 14 young (14336K), 14 survivors (14336K)
 Metaspace       used 43169K, capacity 44308K, committed 44464K, reserved 1087488K
  class space    used 5436K, capacity 5862K, committed 5888K, reserved 1048576K
}
Event: 10.370 GC heap before
{Heap before GC invocations=28 (full 0):
 garbage-first heap   total 330752K, used 280621K [0x0000000080000000, 0x0000000100000000)
  region size 1024K, 193 young (197632K), 14 survivors (14336K)
 Metaspace       used 43173K, capacity 44308K, committed 44464K, reserved 1087488K
  class space    used 5437K, capacity 5862K, committed 5888K, reserved 1048576K
}
Event: 10.380 GC heap after
{Heap after GC invocations=29 (full 0):
 garbage-first heap   total 330752K, used 100131K [0x0000000080000000, 0x0000000100000000)
  region size 1024K, 15 young (15360K), 15 survivors (15360K)
 Metaspace       used 43173K, capacity 44308K, committed 44464K, reserved 1087488K
  class space    used 5437K, capacity 5862K, committed 5888K, reserved 1048576K
}
Event: 10.690 GC heap before
{Heap before GC invocations=29 (full 0):
 garbage-first heap   total 330752K, used 286499K [0x0000000080000000, 0x0000000100000000)
  region size 1024K, 192 young (196608K), 15 survivors (15360K)
 Metaspace       used 43188K, capacity 44308K, committed 44464K, reserved 1087488K
  class space    used 5437K, capacity 5862K, committed 5888K, reserved 1048576K
}
Event: 10.697 GC heap after
{Heap after GC invocations=30 (full 0):
 garbage-first heap   total 397312K, used 87098K [0x0000000080000000, 0x0000000100000000)
  region size 1024K, 8 young (8192K), 8 survivors (8192K)
 Metaspace       used 43188K, capacity 44308K, committed 44464K, reserved 1087488K
  class space    used 5437K, capacity 5862K, committed 5888K, reserved 1048576K
}
Event: 11.264 GC heap before
{Heap before GC invocations=30 (full 0):
 garbage-first heap   total 397312K, used 303162K [0x0000000080000000, 0x0000000100000000)
  region size 1024K, 219 young (224256K), 8 survivors (8192K)
 Metaspace       used 43191K, capacity 44308K, committed 44464K, reserved 1087488K
  class space    used 5437K, capacity 5862K, committed 5888K, reserved 1048576K
}
Event: 11.271 GC heap after
{Heap after GC invocations=31 (full 0):
 garbage-first heap   total 397312K, used 89629K [0x0000000080000000, 0x0000000100000000)
  region size 1024K, 10 young (10240K), 10 survivors (10240K)
 Metaspace       used 43191K, capacity 44308K, committed 44464K, reserved 1087488K
  class space    used 5437K, capacity 5862K, committed 5888K, reserved 1048576K
}
Event: 11.827 GC heap before
{Heap before GC invocations=31 (full 0):
 garbage-first heap   total 397312K, used 321053K [0x0000000080000000, 0x0000000100000000)
  region size 1024K, 232 young (237568K), 10 survivors (10240K)
 Metaspace       used 43191K, capacity 44308K, committed 44464K, reserved 1087488K
  class space    used 5437K, capacity 5862K, committed 5888K, reserved 1048576K
}
Event: 11.837 GC heap after
{Heap after GC invocations=32 (full 0):
 garbage-first heap   total 397312K, used 91874K [0x0000000080000000, 0x0000000100000000)
  region size 1024K, 12 young (12288K), 12 survivors (12288K)
 Metaspace       used 43191K, capacity 44308K, committed 44464K, reserved 1087488K
  class space    used 5437K, capacity 5862K, committed 5888K, reserved 1048576K
}
Event: 12.319 GC heap before
{Heap before GC invocations=32 (full 0):
 garbage-first heap   total 397312K, used 326370K [0x0000000080000000, 0x0000000100000000)
  region size 1024K, 232 young (237568K), 12 survivors (12288K)
 Metaspace       used 43238K, capacity 44372K, committed 44464K, reserved 1087488K
  class space    used 5446K, capacity 5862K, committed 5888K, reserved 1048576K
}
Event: 12.329 GC heap after
{Heap after GC invocations=33 (full 0):
 garbage-first heap   total 397312K, used 94453K [0x0000000080000000, 0x0000000100000000)
  region size 1024K, 15 young (15360K), 15 survivors (15360K)
 Metaspace       used 43238K, capacity 44372K, committed 44464K, reserved 1087488K
  class space    used 5446K, capacity 5862K, committed 5888K, reserved 1048576K
}
Event: 12.734 GC heap before
{Heap before GC invocations=33 (full 0):
 garbage-first heap   total 397312K, used 316661K [0x0000000080000000, 0x0000000100000000)
  region size 1024K, 232 young (237568K), 15 survivors (15360K)
 Metaspace       used 43240K, capacity 44372K, committed 44464K, reserved 1087488K
  class space    used 5446K, capacity 5862K, committed 5888K, reserved 1048576K
}
Event: 12.744 GC heap after
{Heap after GC invocations=34 (full 0):
 garbage-first heap   total 397312K, used 96614K [0x0000000080000000, 0x0000000100000000)
  region size 1024K, 17 young (17408K), 17 survivors (17408K)
 Metaspace       used 43240K, capacity 44372K, committed 44464K, reserved 1087488K
  class space    used 5446K, capacity 5862K, committed 5888K, reserved 1048576K
}
Event: 13.251 GC heap before
{Heap before GC invocations=34 (full 0):
 garbage-first heap   total 397312K, used 319846K [0x0000000080000000, 0x0000000100000000)
  region size 1024K, 232 young (237568K), 17 survivors (17408K)
 Metaspace       used 43241K, capacity 44372K, committed 44464K, reserved 1087488K
  class space    used 5446K, capacity 5862K, committed 5888K, reserved 1048576K
}
Event: 13.263 GC heap after
{Heap after GC invocations=35 (full 0):
 garbage-first heap   total 397312K, used 100094K [0x0000000080000000, 0x0000000100000000)
  region size 1024K, 18 young (18432K), 18 survivors (18432K)
 Metaspace       used 43241K, capacity 44372K, committed 44464K, reserved 1087488K
  class space    used 5446K, capacity 5862K, committed 5888K, reserved 1048576K
}

