# JRE version: OpenJDK Runtime Environment (11.0.15) (build 11.0.15+0-b2043.56-9505619)
# Java VM: OpenJDK 64-Bit Server VM (11.0.15+0-b2043.56-9505619, mixed mode, tiered, compressed oops, g1 gc, windows-amd64)
Heap:
 garbage-first heap   total 408576K, used 264686K [0x0000000080000000, 0x0000000100000000)
  region size 1024K, 158 young (161792K), 5 survivors (5120K)
 Metaspace       used 46399K, capacity 47573K, committed 47720K, reserved 1091584K
  class space    used 5922K, capacity 6377K, committed 6400K, reserved 1048576K
GC Heap History (20 events):
Event: 17.659 GC heap before
{Heap before GC invocations=34 (full 0):
 garbage-first heap   total 330752K, used 296541K [0x0000000080000000, 0x0000000100000000)
  region size 1024K, 191 young (195584K), 14 survivors (14336K)
 Metaspace       used 43217K, capacity 44366K, committed 44648K, reserved 1087488K
  class space    used 5443K, capacity 5861K, committed 5888K, reserved 1048576K
}
Event: 17.672 GC heap after
{Heap after GC invocations=35 (full 0):
 garbage-first heap   total 330752K, used 102726K [0x0000000080000000, 0x0000000100000000)
  region size 1024K, 14 young (14336K), 14 survivors (14336K)
 Metaspace       used 43217K, capacity 44366K, committed 44648K, reserved 1087488K
  class space    used 5443K, capacity 5861K, committed 5888K, reserved 1048576K
}
Event: 18.083 GC heap before
{Heap before GC invocations=35 (full 0):
 garbage-first heap   total 330752K, used 280902K [0x0000000080000000, 0x0000000100000000)
  region size 1024K, 189 young (193536K), 14 survivors (14336K)
 Metaspace       used 43217K, capacity 44366K, committed 44648K, reserved 1087488K
  class space    used 5443K, capacity 5861K, committed 5888K, reserved 1048576K
}
Event: 18.099 GC heap after
{Heap after GC invocations=36 (full 0):
 garbage-first heap   total 408576K, used 106008K [0x0000000080000000, 0x0000000100000000)
  region size 1024K, 16 young (16384K), 16 survivors (16384K)
 Metaspace       used 43217K, capacity 44366K, committed 44648K, reserved 1087488K
  class space    used 5443K, capacity 5861K, committed 5888K, reserved 1048576K
}
Event: 20.522 GC heap before
{Heap before GC invocations=36 (full 0):
 garbage-first heap   total 408576K, used 344600K [0x0000000080000000, 0x0000000100000000)
  region size 1024K, 229 young (234496K), 16 survivors (16384K)
 Metaspace       used 43320K, capacity 44504K, committed 44648K, reserved 1087488K
  class space    used 5448K, capacity 5864K, committed 5888K, reserved 1048576K
}
Event: 20.527 GC heap after
{Heap after GC invocations=37 (full 0):
 garbage-first heap   total 408576K, used 98039K [0x0000000080000000, 0x0000000100000000)
  region size 1024K, 8 young (8192K), 8 survivors (8192K)
 Metaspace       used 43320K, capacity 44504K, committed 44648K, reserved 1087488K
  class space    used 5448K, capacity 5864K, committed 5888K, reserved 1048576K
}
Event: 20.928 GC heap before
{Heap before GC invocations=37 (full 0):
 garbage-first heap   total 408576K, used 334583K [0x0000000080000000, 0x0000000100000000)
  region size 1024K, 239 young (244736K), 8 survivors (8192K)
 Metaspace       used 43320K, capacity 44504K, committed 44648K, reserved 1087488K
  class space    used 5448K, capacity 5864K, committed 5888K, reserved 1048576K
}
Event: 20.934 GC heap after
{Heap after GC invocations=38 (full 0):
 garbage-first heap   total 408576K, used 100585K [0x0000000080000000, 0x0000000100000000)
  region size 1024K, 11 young (11264K), 11 survivors (11264K)
 Metaspace       used 43320K, capacity 44504K, committed 44648K, reserved 1087488K
  class space    used 5448K, capacity 5864K, committed 5888K, reserved 1048576K
}
Event: 21.365 GC heap before
{Heap before GC invocations=38 (full 0):
 garbage-first heap   total 408576K, used 334057K [0x0000000080000000, 0x0000000100000000)
  region size 1024K, 239 young (244736K), 11 survivors (11264K)
 Metaspace       used 43321K, capacity 44505K, committed 44648K, reserved 1087488K
  class space    used 5448K, capacity 5864K, committed 5888K, reserved 1048576K
}
Event: 21.373 GC heap after
{Heap after GC invocations=39 (full 0):
 garbage-first heap   total 408576K, used 103677K [0x0000000080000000, 0x0000000100000000)
  region size 1024K, 14 young (14336K), 14 survivors (14336K)
 Metaspace       used 43321K, capacity 44505K, committed 44648K, reserved 1087488K
  class space    used 5448K, capacity 5864K, committed 5888K, reserved 1048576K
}
Event: 21.766 GC heap before
{Heap before GC invocations=39 (full 0):
 garbage-first heap   total 408576K, used 334077K [0x0000000080000000, 0x0000000100000000)
  region size 1024K, 239 young (244736K), 14 survivors (14336K)
 Metaspace       used 43324K, capacity 44505K, committed 44648K, reserved 1087488K
  class space    used 5448K, capacity 5864K, committed 5888K, reserved 1048576K
}
Event: 21.773 GC heap after
{Heap after GC invocations=40 (full 0):
 garbage-first heap   total 408576K, used 106808K [0x0000000080000000, 0x0000000100000000)
  region size 1024K, 17 young (17408K), 17 survivors (17408K)
 Metaspace       used 43324K, capacity 44505K, committed 44648K, reserved 1087488K
  class space    used 5448K, capacity 5864K, committed 5888K, reserved 1048576K
}
Event: 22.221 GC heap before
{Heap before GC invocations=40 (full 0):
 garbage-first heap   total 408576K, used 334136K [0x0000000080000000, 0x0000000100000000)
  region size 1024K, 239 young (244736K), 17 survivors (17408K)
 Metaspace       used 43324K, capacity 44505K, committed 44648K, reserved 1087488K
  class space    used 5448K, capacity 5864K, committed 5888K, reserved 1048576K
}
Event: 22.232 GC heap after
{Heap after GC invocations=41 (full 0):
 garbage-first heap   total 408576K, used 110895K [0x0000000080000000, 0x0000000100000000)
  region size 1024K, 20 young (20480K), 20 survivors (20480K)
 Metaspace       used 43324K, capacity 44505K, committed 44648K, reserved 1087488K
  class space    used 5448K, capacity 5864K, committed 5888K, reserved 1048576K
}
Event: 22.960 GC heap before
{Heap before GC invocations=41 (full 0):
 garbage-first heap   total 408576K, used 338223K [0x0000000080000000, 0x0000000100000000)
  region size 1024K, 239 young (244736K), 20 survivors (20480K)
 Metaspace       used 43366K, capacity 44520K, committed 44648K, reserved 1087488K
  class space    used 5452K, capacity 5869K, committed 5888K, reserved 1048576K
}
Event: 22.965 GC heap after
{Heap after GC invocations=42 (full 0):
 garbage-first heap   total 408576K, used 87198K [0x0000000080000000, 0x0000000100000000)
  region size 1024K, 2 young (2048K), 2 survivors (2048K)
 Metaspace       used 43366K, capacity 44520K, committed 44648K, reserved 1087488K
  class space    used 5452K, capacity 5869K, committed 5888K, reserved 1048576K
}
Event: 23.339 GC heap before
{Heap before GC invocations=42 (full 0):
 garbage-first heap   total 408576K, used 329886K [0x0000000080000000, 0x0000000100000000)
  region size 1024K, 239 young (244736K), 2 survivors (2048K)
 Metaspace       used 43366K, capacity 44520K, committed 44648K, reserved 1087488K
  class space    used 5452K, capacity 5869K, committed 5888K, reserved 1048576K
}
Event: 23.341 GC heap after
{Heap after GC invocations=43 (full 0):
 garbage-first heap   total 408576K, used 90270K [0x0000000080000000, 0x0000000100000000)
  region size 1024K, 5 young (5120K), 5 survivors (5120K)
 Metaspace       used 43366K, capacity 44520K, committed 44648K, reserved 1087488K
  class space    used 5452K, capacity 5869K, committed 5888K, reserved 1048576K
}
Event: 24.002 GC heap before
{Heap before GC invocations=43 (full 0):
 garbage-first heap   total 408576K, used 332958K [0x0000000080000000, 0x0000000100000000)
  region size 1024K, 239 young (244736K), 5 survivors (5120K)
 Metaspace       used 43366K, capacity 44520K, committed 44648K, reserved 1087488K
  class space    used 5452K, capacity 5869K, committed 5888K, reserved 1048576K
}
Event: 24.005 GC heap after
{Heap after GC invocations=44 (full 0):
 garbage-first heap   total 408576K, used 89582K [0x0000000080000000, 0x0000000100000000)
  region size 1024K, 5 young (5120K), 5 survivors (5120K)
 Metaspace       used 43366K, capacity 44520K, committed 44648K, reserved 1087488K
  class space    used 5452K, capacity 5869K, committed 5888K, reserved 1048576K
}

